0 info it worked if it ends with ok
1 verbose cli [ 'C:\\Program Files\\nodejs\\node.exe',
1 verbose cli   'C:\\Users\\UO252406\\AppData\\Roaming\\npm\\node_modules\\npm\\bin\\npm-cli.js',
1 verbose cli   'run',
1 verbose cli   'dev' ]
2 info using npm@3.10.10
3 info using node@v11.8.0
4 verbose run-script [ 'predev', 'dev', 'postdev' ]
5 info lifecycle yasgui-yashe@2.11.21~predev: yasgui-yashe@2.11.21
6 silly lifecycle yasgui-yashe@2.11.21~predev: no script for predev, continuing
7 info lifecycle yasgui-yashe@2.11.21~dev: yasgui-yashe@2.11.21
8 verbose lifecycle yasgui-yashe@2.11.21~dev: unsafe-perm in lifecycle true
9 verbose lifecycle yasgui-yashe@2.11.21~dev: PATH: C:\Users\UO252406\AppData\Roaming\npm\node_modules\npm\bin\node-gyp-bin;D:\Repositories\YASHE\node_modules\.bin;C:\Program Files (x86)\Common Files\Oracle\Java\javapath;C:\Windows\system32;C:\Windows;C:\Windows\System32\Wbem;C:\Windows\System32\WindowsPowerShell\v1.0\;C:\Program Files (x86)\NVIDIA Corporation\PhysX\Common;C:\Program Files\Git\cmd;C:\Program Files (x86)\sbt\bin;C:\WINDOWS\system32;C:\WINDOWS;C:\WINDOWS\System32\Wbem;C:\WINDOWS\System32\WindowsPowerShell\v1.0\;C:\WINDOWS\System32\OpenSSH\;C:\sqlite3;C:\openssl-0.9.8e_X64\bin\;C:\ffmpeg-20181213-e5a0013-win64-static\bin\;C:\curl-7.63.0-win64-mingw\bin\;C:\Users\UO252406\AppData\Local\Programs\Python\Python37-32\Scripts\;C:\opencv-4.0.1;D:\Downloads\libav-x86_64-w64-mingw32-20180108\usr\bin\;C:\Python27\;C:\Program Files\nodejs\;C:\Program Files\Java\jdk-10.0.2\bin\;C:\Users\UO252406\.windows-build-tools\python27\;C:\Program Files\nodejs\node_modules\npm\node_modules\npm-lifecycle\node-gyp-bin;C:\WINDOWS\system32\node_modules\windows-build-tools\node_modules\.bin;C:\WINDOWS\system32\node_modules\.bin;C:\Program Files (x86)\Common Files\Oracle\Java\javapath;C:\Windows\system32;C:\Windows;C:\Windows\System32\Wbem;C:\Windows\System32\WindowsPowerShell\v1.0\;C:\Program Files (x86)\NVIDIA Corporation\PhysX\Common;C:\Program Files\Git\cmd;C:\Program Files (x86)\sbt\bin;C:\WINDOWS\system32;C:\WINDOWS;C:\WINDOWS\System32\Wbem;C:\WINDOWS\System32\WindowsPowerShell\v1.0\;C:\WINDOWS\System32\OpenSSH\;C:\sqlite3;C:\openssl-0.9.8e_X64\bin\;C:\ffmpeg-20181213-e5a0013-win64-static\bin\;C:\curl-7.63.0-win64-mingw\bin\;C:\Users\UO252406\AppData\Local\Programs\Python\Python37-32\Scripts\;C:\opencv-4.0.1;D:\Downloads\libav-x86_64-w64-mingw32-20180108\usr\bin\;C:\Program Files\nodejs\;C:\Python27\;C:\Ruby24-x64\bin;C:\Ruby25-x64\bin;C:\RailsInstaller\Git\cmd;C:\RailsInstaller\Ruby2.2.0\bin;C:\Users\UO252406\AppData\Local\Microsoft\WindowsApps;C:\Users\UO252406\AppData\Local\GitHubDesktop\bin;C:\Users\UO252406\AppData\Local\atom\bin;C:\Users\UO252406\AppData\Local\Microsoft\WindowsApps;C:\Users\UO252406\AppData\Roaming\npm
10 verbose lifecycle yasgui-yashe@2.11.21~dev: CWD: D:\Repositories\YASHE
11 silly lifecycle yasgui-yashe@2.11.21~dev: Args: [ '/d /s /c', 'gulp serve' ]
12 silly lifecycle yasgui-yashe@2.11.21~dev: Returned: code: 3221225786  signal: null
13 info lifecycle yasgui-yashe@2.11.21~dev: Failed to exec dev script
14 verbose stack Error: yasgui-yashe@2.11.21 dev: `gulp serve`
14 verbose stack Exit status 3221225786
14 verbose stack     at EventEmitter.<anonymous> (C:\Users\UO252406\AppData\Roaming\npm\node_modules\npm\lib\utils\lifecycle.js:255:16)
14 verbose stack     at EventEmitter.emit (events.js:197:13)
14 verbose stack     at ChildProcess.<anonymous> (C:\Users\UO252406\AppData\Roaming\npm\node_modules\npm\lib\utils\spawn.js:40:14)
14 verbose stack     at ChildProcess.emit (events.js:197:13)
14 verbose stack     at maybeClose (internal/child_process.js:978:16)
14 verbose stack     at Process.ChildProcess._handle.onexit (internal/child_process.js:265:5)
15 verbose pkgid yasgui-yashe@2.11.21
16 verbose cwd D:\Repositories\YASHE
17 error Windows_NT 10.0.17134
18 error argv "C:\\Program Files\\nodejs\\node.exe" "C:\\Users\\UO252406\\AppData\\Roaming\\npm\\node_modules\\npm\\bin\\npm-cli.js" "run" "dev"
19 error node v11.8.0
20 error npm  v3.10.10
21 error code ELIFECYCLE
22 error yasgui-yashe@2.11.21 dev: `gulp serve`
22 error Exit status 3221225786
23 error Failed at the yasgui-yashe@2.11.21 dev script 'gulp serve'.
23 error Make sure you have the latest version of node.js and npm installed.
23 error If you do, this is most likely a problem with the yasgui-yashe package,
23 error not with npm itself.
23 error Tell the author that this fails on your system:
23 error     gulp serve
23 error You can get information on how to open an issue for this project with:
23 error     npm bugs yasgui-yashe
23 error Or if that isn't available, you can get their info via:
23 error     npm owner ls yasgui-yashe
23 error There is likely additional logging output above.
24 verbose exit [ 1, true ]
